This file contains any messages produced by compilers while
running configure, to aid debugging if configure makes a mistake.

It was created by configure, which was
generated by GNU Autoconf 2.68.  Invocation command line was

  $ ./configure --with-langvox=android --target=arm-android

## --------- ##
## Platform. ##
## --------- ##

hostname = kanna-Rev-1-0
uname -m = i686
uname -r = 3.2.0-25-generic-pae
uname -s = Linux
uname -v = #40-Ubuntu SMP Wed May 23 22:11:24 UTC 2012

/usr/bin/uname -p = unknown
/bin/uname -X     = unknown

/bin/arch              = unknown
/usr/bin/arch -k       = unknown
/usr/convex/getsysinfo = unknown
/usr/bin/hostinfo      = unknown
/bin/machine           = unknown
/usr/bin/oslevel       = unknown
/bin/universe          = unknown

PATH: /usr/lib/lightdm/lightdm
PATH: /usr/local/sbin
PATH: /usr/local/bin
PATH: /usr/sbin
PATH: /usr/bin
PATH: /sbin
PATH: /bin
PATH: /usr/games


## ----------- ##
## Core tests. ##
## ----------- ##

configure:2164: checking build system type
configure:2178: result: i686-pc-linux-gnu
configure:2198: checking host system type
configure:2211: result: i686-pc-linux-gnu
configure:2231: checking target system type
configure:2244: result: arm-unknown-android
configure:2319: checking for gcc
configure:2335: found /usr/bin/gcc
configure:2346: result: gcc
configure:2575: checking for C compiler version
configure:2584: gcc --version >&5
gcc (Ubuntu/Linaro 4.6.3-1ubuntu5) 4.6.3
Copyright (C) 2011 Free Software Foundation, Inc.
This is free software; see the source for copying conditions.  There is NO
warranty; not even for MERCHANTABILITY or FITNESS FOR A PARTICULAR PURPOSE.

configure:2595: $? = 0
configure:2584: gcc -v >&5
Using built-in specs.
COLLECT_GCC=gcc
COLLECT_LTO_WRAPPER=/usr/lib/gcc/i686-linux-gnu/4.6/lto-wrapper
Target: i686-linux-gnu
Configured with: ../src/configure -v --with-pkgversion='Ubuntu/Linaro 4.6.3-1ubuntu5' --with-bugurl=file:///usr/share/doc/gcc-4.6/README.Bugs --enable-languages=c,c++,fortran,objc,obj-c++ --prefix=/usr --program-suffix=-4.6 --enable-shared --enable-linker-build-id --with-system-zlib --libexecdir=/usr/lib --without-included-gettext --enable-threads=posix --with-gxx-include-dir=/usr/include/c++/4.6 --libdir=/usr/lib --enable-nls --with-sysroot=/ --enable-clocale=gnu --enable-libstdcxx-debug --enable-libstdcxx-time=yes --enable-gnu-unique-object --enable-plugin --enable-objc-gc --enable-targets=all --disable-werror --with-arch-32=i686 --with-tune=generic --enable-checking=release --build=i686-linux-gnu --host=i686-linux-gnu --target=i686-linux-gnu
Thread model: posix
gcc version 4.6.3 (Ubuntu/Linaro 4.6.3-1ubuntu5) 
configure:2595: $? = 0
configure:2584: gcc -V >&5
gcc: error: unrecognized option '-V'
gcc: fatal error: no input files
compilation terminated.
configure:2595: $? = 4
configure:2584: gcc -qversion >&5
gcc: error: unrecognized option '-qversion'
gcc: fatal error: no input files
compilation terminated.
configure:2595: $? = 4
configure:2615: checking whether the C compiler works
configure:2637: gcc    conftest.c  >&5
configure:2641: $? = 0
configure:2689: result: yes
configure:2692: checking for C compiler default output file name
configure:2694: result: a.out
configure:2700: checking for suffix of executables
configure:2707: gcc -o conftest    conftest.c  >&5
configure:2711: $? = 0
configure:2733: result: 
configure:2755: checking whether we are cross compiling
configure:2763: gcc -o conftest    conftest.c  >&5
configure:2767: $? = 0
configure:2774: ./conftest
configure:2778: $? = 0
configure:2793: result: no
configure:2798: checking for suffix of object files
configure:2820: gcc -c   conftest.c >&5
configure:2824: $? = 0
configure:2845: result: o
configure:2849: checking whether we are using the GNU C compiler
configure:2868: gcc -c   conftest.c >&5
configure:2868: $? = 0
configure:2877: result: yes
configure:2886: checking whether gcc accepts -g
configure:2906: gcc -c -g  conftest.c >&5
configure:2906: $? = 0
configure:2947: result: yes
configure:2964: checking for gcc option to accept ISO C89
configure:3028: gcc  -c -g -O2  conftest.c >&5
configure:3028: $? = 0
configure:3041: result: none needed
configure:3104: checking for ranlib
configure:3120: found /usr/bin/ranlib
configure:3131: result: ranlib
configure:3167: checking for a BSD-compatible install
configure:3235: result: /usr/bin/install -c
configure:3289: checking for ar
configure:3305: found /usr/bin/ar
configure:3316: result: ar
configure:3344: checking how to run the C preprocessor
configure:3375: gcc -E  conftest.c
configure:3375: $? = 0
configure:3389: gcc -E  conftest.c
conftest.c:9:28: fatal error: ac_nonexistent.h: No such file or directory
compilation terminated.
configure:3389: $? = 1
configure: failed program was:
| /* confdefs.h */
| #define PACKAGE_NAME ""
| #define PACKAGE_TARNAME ""
| #define PACKAGE_VERSION ""
| #define PACKAGE_STRING ""
| #define PACKAGE_BUGREPORT ""
| #define PACKAGE_URL ""
| /* end confdefs.h.  */
| #include <ac_nonexistent.h>
configure:3414: result: gcc -E
configure:3434: gcc -E  conftest.c
configure:3434: $? = 0
configure:3448: gcc -E  conftest.c
conftest.c:9:28: fatal error: ac_nonexistent.h: No such file or directory
compilation terminated.
configure:3448: $? = 1
configure: failed program was:
| /* confdefs.h */
| #define PACKAGE_NAME ""
| #define PACKAGE_TARNAME ""
| #define PACKAGE_VERSION ""
| #define PACKAGE_STRING ""
| #define PACKAGE_BUGREPORT ""
| #define PACKAGE_URL ""
| /* end confdefs.h.  */
| #include <ac_nonexistent.h>
configure:3477: checking for grep that handles long lines and -e
configure:3535: result: /bin/grep
configure:3540: checking for egrep
configure:3602: result: /bin/grep -E
configure:3607: checking for ANSI C header files
configure:3627: gcc -c -g -O2  conftest.c >&5
configure:3627: $? = 0
configure:3700: gcc -o conftest -g -O2   conftest.c  >&5
configure:3700: $? = 0
configure:3700: ./conftest
configure:3700: $? = 0
configure:3711: result: yes
configure:3724: checking for sys/types.h
configure:3724: gcc -c -g -O2  conftest.c >&5
configure:3724: $? = 0
configure:3724: result: yes
configure:3724: checking for sys/stat.h
configure:3724: gcc -c -g -O2  conftest.c >&5
configure:3724: $? = 0
configure:3724: result: yes
configure:3724: checking for stdlib.h
configure:3724: gcc -c -g -O2  conftest.c >&5
configure:3724: $? = 0
configure:3724: result: yes
configure:3724: checking for string.h
configure:3724: gcc -c -g -O2  conftest.c >&5
configure:3724: $? = 0
configure:3724: result: yes
configure:3724: checking for memory.h
configure:3724: gcc -c -g -O2  conftest.c >&5
configure:3724: $? = 0
configure:3724: result: yes
configure:3724: checking for strings.h
configure:3724: gcc -c -g -O2  conftest.c >&5
configure:3724: $? = 0
configure:3724: result: yes
configure:3724: checking for inttypes.h
configure:3724: gcc -c -g -O2  conftest.c >&5
configure:3724: $? = 0
configure:3724: result: yes
configure:3724: checking for stdint.h
configure:3724: gcc -c -g -O2  conftest.c >&5
configure:3724: $? = 0
configure:3724: result: yes
configure:3724: checking for unistd.h
configure:3724: gcc -c -g -O2  conftest.c >&5
configure:3724: $? = 0
configure:3724: result: yes
configure:3736: checking whether byte ordering is bigendian
configure:3751: gcc -c -g -O2  conftest.c >&5
conftest.c:20:9: error: unknown type name 'not'
conftest.c:20:15: error: expected '=', ',', ';', 'asm' or '__attribute__' before 'universal'
conftest.c:20:15: error: unknown type name 'universal'
configure:3751: $? = 1
configure: failed program was:
| /* confdefs.h */
| #define PACKAGE_NAME ""
| #define PACKAGE_TARNAME ""
| #define PACKAGE_VERSION ""
| #define PACKAGE_STRING ""
| #define PACKAGE_BUGREPORT ""
| #define PACKAGE_URL ""
| #define STDC_HEADERS 1
| #define HAVE_SYS_TYPES_H 1
| #define HAVE_SYS_STAT_H 1
| #define HAVE_STDLIB_H 1
| #define HAVE_STRING_H 1
| #define HAVE_MEMORY_H 1
| #define HAVE_STRINGS_H 1
| #define HAVE_INTTYPES_H 1
| #define HAVE_STDINT_H 1
| #define HAVE_UNISTD_H 1
| /* end confdefs.h.  */
| #ifndef __APPLE_CC__
| 	       not a universal capable compiler
| 	     #endif
| 	     typedef int dummy;
| 
configure:3796: gcc -c -g -O2  conftest.c >&5
configure:3796: $? = 0
configure:3814: gcc -c -g -O2  conftest.c >&5
conftest.c: In function 'main':
conftest.c:26:4: error: unknown type name 'not'
conftest.c:26:12: error: expected '=', ',', ';', 'asm' or '__attribute__' before 'endian'
configure:3814: $? = 1
configure: failed program was:
| /* confdefs.h */
| #define PACKAGE_NAME ""
| #define PACKAGE_TARNAME ""
| #define PACKAGE_VERSION ""
| #define PACKAGE_STRING ""
| #define PACKAGE_BUGREPORT ""
| #define PACKAGE_URL ""
| #define STDC_HEADERS 1
| #define HAVE_SYS_TYPES_H 1
| #define HAVE_SYS_STAT_H 1
| #define HAVE_STDLIB_H 1
| #define HAVE_STRING_H 1
| #define HAVE_MEMORY_H 1
| #define HAVE_STRINGS_H 1
| #define HAVE_INTTYPES_H 1
| #define HAVE_STDINT_H 1
| #define HAVE_UNISTD_H 1
| /* end confdefs.h.  */
| #include <sys/types.h>
| 		#include <sys/param.h>
| 
| int
| main ()
| {
| #if BYTE_ORDER != BIG_ENDIAN
| 		 not big endian
| 		#endif
| 
|   ;
|   return 0;
| }
configure:3942: result: no
configure:4199: /home/kanna/android-ndk-r8//toolchains/arm-linux-androideabi-4.4.3/prebuilt/linux-x86/bin/arm-linux-androideabi-gcc -c -g -O2 -Wall -march=armv5te -mtune=xscale -msoft-float -fpic -mthumb-interwork -ffunction-sections -funwind-tables -fstack-protector -fno-short-enums -D__ARM_ARCH_5__ -D__ARM_ARCH_5T__ -D__ARM_ARCH_5E__ -D__ARM_ARCH_5TE__ -mthumb -Os -fomit-frame-pointer -fno-strict-aliasing -finline-limit=64 -DANDROID -I/home/kanna/android-ndk-r8//platforms/android-4/arch-arm/usr/include   conftest.c >&5
conftest.c: In function 'main':
conftest.c:24: warning: unused variable 'e'
configure:4199: $? = 0
configure:4210: checking for mmap
configure:4210: /home/kanna/android-ndk-r8//toolchains/arm-linux-androideabi-4.4.3/prebuilt/linux-x86/bin/arm-linux-androideabi-gcc -o conftest -g -O2 -Wall -march=armv5te -mtune=xscale -msoft-float -fpic -mthumb-interwork -ffunction-sections -funwind-tables -fstack-protector -fno-short-enums -D__ARM_ARCH_5__ -D__ARM_ARCH_5T__ -D__ARM_ARCH_5E__ -D__ARM_ARCH_5TE__ -mthumb -Os -fomit-frame-pointer -fno-strict-aliasing -finline-limit=64 -DANDROID -I/home/kanna/android-ndk-r8//platforms/android-4/arch-arm/usr/include    conftest.c  >&5
/home/kanna/android-ndk-r8//toolchains/arm-linux-androideabi-4.4.3/prebuilt/linux-x86/bin/../lib/gcc/arm-linux-androideabi/4.4.3/../../../../arm-linux-androideabi/bin/ld: crtbegin_dynamic.o: No such file: No such file or directory
collect2: ld returned 1 exit status
configure:4210: $? = 1
configure: failed program was:
| /* confdefs.h */
| #define PACKAGE_NAME ""
| #define PACKAGE_TARNAME ""
| #define PACKAGE_VERSION ""
| #define PACKAGE_STRING ""
| #define PACKAGE_BUGREPORT ""
| #define PACKAGE_URL ""
| #define STDC_HEADERS 1
| #define HAVE_SYS_TYPES_H 1
| #define HAVE_SYS_STAT_H 1
| #define HAVE_STDLIB_H 1
| #define HAVE_STRING_H 1
| #define HAVE_MEMORY_H 1
| #define HAVE_STRINGS_H 1
| #define HAVE_INTTYPES_H 1
| #define HAVE_STDINT_H 1
| #define HAVE_UNISTD_H 1
| /* end confdefs.h.  */
| /* Define mmap to an innocuous variant, in case <limits.h> declares mmap.
|    For example, HP-UX 11i <limits.h> declares gettimeofday.  */
| #define mmap innocuous_mmap
| 
| /* System header to define __stub macros and hopefully few prototypes,
|     which can conflict with char mmap (); below.
|     Prefer <limits.h> to <assert.h> if __STDC__ is defined, since
|     <limits.h> exists even on freestanding compilers.  */
| 
| #ifdef __STDC__
| # include <limits.h>
| #else
| # include <assert.h>
| #endif
| 
| #undef mmap
| 
| /* Override any GCC internal prototype to avoid an error.
|    Use char because int might match the return type of a GCC
|    builtin and then its argument prototype would still apply.  */
| #ifdef __cplusplus
| extern "C"
| #endif
| char mmap ();
| /* The GNU C library defines this for functions which it implements
|     to always fail with ENOSYS.  Some functions are actually named
|     something starting with __ and the normal name is an alias.  */
| #if defined __stub_mmap || defined __stub___mmap
| choke me
| #endif
| 
| int
| main ()
| {
| return mmap ();
|   ;
|   return 0;
| }
configure:4210: result: no
configure:4250: checking sys/soundcard.h usability
configure:4250: /home/kanna/android-ndk-r8//toolchains/arm-linux-androideabi-4.4.3/prebuilt/linux-x86/bin/arm-linux-androideabi-gcc -c -g -O2 -Wall -march=armv5te -mtune=xscale -msoft-float -fpic -mthumb-interwork -ffunction-sections -funwind-tables -fstack-protector -fno-short-enums -D__ARM_ARCH_5__ -D__ARM_ARCH_5T__ -D__ARM_ARCH_5E__ -D__ARM_ARCH_5TE__ -mthumb -Os -fomit-frame-pointer -fno-strict-aliasing -finline-limit=64 -DANDROID -I/home/kanna/android-ndk-r8//platforms/android-4/arch-arm/usr/include   conftest.c >&5
conftest.c:52:27: error: sys/soundcard.h: No such file or directory
configure:4250: $? = 1
configure: failed program was:
| /* confdefs.h */
| #define PACKAGE_NAME ""
| #define PACKAGE_TARNAME ""
| #define PACKAGE_VERSION ""
| #define PACKAGE_STRING ""
| #define PACKAGE_BUGREPORT ""
| #define PACKAGE_URL ""
| #define STDC_HEADERS 1
| #define HAVE_SYS_TYPES_H 1
| #define HAVE_SYS_STAT_H 1
| #define HAVE_STDLIB_H 1
| #define HAVE_STRING_H 1
| #define HAVE_MEMORY_H 1
| #define HAVE_STRINGS_H 1
| #define HAVE_INTTYPES_H 1
| #define HAVE_STDINT_H 1
| #define HAVE_UNISTD_H 1
| /* end confdefs.h.  */
| #include <stdio.h>
| #ifdef HAVE_SYS_TYPES_H
| # include <sys/types.h>
| #endif
| #ifdef HAVE_SYS_STAT_H
| # include <sys/stat.h>
| #endif
| #ifdef STDC_HEADERS
| # include <stdlib.h>
| # include <stddef.h>
| #else
| # ifdef HAVE_STDLIB_H
| #  include <stdlib.h>
| # endif
| #endif
| #ifdef HAVE_STRING_H
| # if !defined STDC_HEADERS && defined HAVE_MEMORY_H
| #  include <memory.h>
| # endif
| # include <string.h>
| #endif
| #ifdef HAVE_STRINGS_H
| # include <strings.h>
| #endif
| #ifdef HAVE_INTTYPES_H
| # include <inttypes.h>
| #endif
| #ifdef HAVE_STDINT_H
| # include <stdint.h>
| #endif
| #ifdef HAVE_UNISTD_H
| # include <unistd.h>
| #endif
| #include <sys/soundcard.h>
configure:4250: result: no
configure:4250: checking sys/soundcard.h presence
configure:4250: gcc -E  conftest.c
configure:4250: $? = 0
configure:4250: result: yes
configure:4250: WARNING: sys/soundcard.h: present but cannot be compiled
configure:4250: WARNING: sys/soundcard.h:     check for missing prerequisite headers?
configure:4250: WARNING: sys/soundcard.h: see the Autoconf documentation
configure:4250: WARNING: sys/soundcard.h:     section "Present But Cannot Be Compiled"
configure:4250: WARNING: sys/soundcard.h: proceeding with the compiler's result
configure:4250: checking for sys/soundcard.h
configure:4250: result: no
configure:4257: checking machine/soundcard.h usability
configure:4257: /home/kanna/android-ndk-r8//toolchains/arm-linux-androideabi-4.4.3/prebuilt/linux-x86/bin/arm-linux-androideabi-gcc -c -g -O2 -Wall -march=armv5te -mtune=xscale -msoft-float -fpic -mthumb-interwork -ffunction-sections -funwind-tables -fstack-protector -fno-short-enums -D__ARM_ARCH_5__ -D__ARM_ARCH_5T__ -D__ARM_ARCH_5E__ -D__ARM_ARCH_5TE__ -mthumb -Os -fomit-frame-pointer -fno-strict-aliasing -finline-limit=64 -DANDROID -I/home/kanna/android-ndk-r8//platforms/android-4/arch-arm/usr/include   conftest.c >&5
conftest.c:52:31: error: machine/soundcard.h: No such file or directory
configure:4257: $? = 1
configure: failed program was:
| /* confdefs.h */
| #define PACKAGE_NAME ""
| #define PACKAGE_TARNAME ""
| #define PACKAGE_VERSION ""
| #define PACKAGE_STRING ""
| #define PACKAGE_BUGREPORT ""
| #define PACKAGE_URL ""
| #define STDC_HEADERS 1
| #define HAVE_SYS_TYPES_H 1
| #define HAVE_SYS_STAT_H 1
| #define HAVE_STDLIB_H 1
| #define HAVE_STRING_H 1
| #define HAVE_MEMORY_H 1
| #define HAVE_STRINGS_H 1
| #define HAVE_INTTYPES_H 1
| #define HAVE_STDINT_H 1
| #define HAVE_UNISTD_H 1
| /* end confdefs.h.  */
| #include <stdio.h>
| #ifdef HAVE_SYS_TYPES_H
| # include <sys/types.h>
| #endif
| #ifdef HAVE_SYS_STAT_H
| # include <sys/stat.h>
| #endif
| #ifdef STDC_HEADERS
| # include <stdlib.h>
| # include <stddef.h>
| #else
| # ifdef HAVE_STDLIB_H
| #  include <stdlib.h>
| # endif
| #endif
| #ifdef HAVE_STRING_H
| # if !defined STDC_HEADERS && defined HAVE_MEMORY_H
| #  include <memory.h>
| # endif
| # include <string.h>
| #endif
| #ifdef HAVE_STRINGS_H
| # include <strings.h>
| #endif
| #ifdef HAVE_INTTYPES_H
| # include <inttypes.h>
| #endif
| #ifdef HAVE_STDINT_H
| # include <stdint.h>
| #endif
| #ifdef HAVE_UNISTD_H
| # include <unistd.h>
| #endif
| #include <machine/soundcard.h>
configure:4257: result: no
configure:4257: checking machine/soundcard.h presence
configure:4257: gcc -E  conftest.c
conftest.c:19:31: fatal error: machine/soundcard.h: No such file or directory
compilation terminated.
configure:4257: $? = 1
configure: failed program was:
| /* confdefs.h */
| #define PACKAGE_NAME ""
| #define PACKAGE_TARNAME ""
| #define PACKAGE_VERSION ""
| #define PACKAGE_STRING ""
| #define PACKAGE_BUGREPORT ""
| #define PACKAGE_URL ""
| #define STDC_HEADERS 1
| #define HAVE_SYS_TYPES_H 1
| #define HAVE_SYS_STAT_H 1
| #define HAVE_STDLIB_H 1
| #define HAVE_STRING_H 1
| #define HAVE_MEMORY_H 1
| #define HAVE_STRINGS_H 1
| #define HAVE_INTTYPES_H 1
| #define HAVE_STDINT_H 1
| #define HAVE_UNISTD_H 1
| /* end confdefs.h.  */
| #include <machine/soundcard.h>
configure:4257: result: no
configure:4257: checking for machine/soundcard.h
configure:4257: result: no
configure:4264: checking sys/audioio.h usability
configure:4264: /home/kanna/android-ndk-r8//toolchains/arm-linux-androideabi-4.4.3/prebuilt/linux-x86/bin/arm-linux-androideabi-gcc -c -g -O2 -Wall -march=armv5te -mtune=xscale -msoft-float -fpic -mthumb-interwork -ffunction-sections -funwind-tables -fstack-protector -fno-short-enums -D__ARM_ARCH_5__ -D__ARM_ARCH_5T__ -D__ARM_ARCH_5E__ -D__ARM_ARCH_5TE__ -mthumb -Os -fomit-frame-pointer -fno-strict-aliasing -finline-limit=64 -DANDROID -I/home/kanna/android-ndk-r8//platforms/android-4/arch-arm/usr/include   conftest.c >&5
conftest.c:52:25: error: sys/audioio.h: No such file or directory
configure:4264: $? = 1
configure: failed program was:
| /* confdefs.h */
| #define PACKAGE_NAME ""
| #define PACKAGE_TARNAME ""
| #define PACKAGE_VERSION ""
| #define PACKAGE_STRING ""
| #define PACKAGE_BUGREPORT ""
| #define PACKAGE_URL ""
| #define STDC_HEADERS 1
| #define HAVE_SYS_TYPES_H 1
| #define HAVE_SYS_STAT_H 1
| #define HAVE_STDLIB_H 1
| #define HAVE_STRING_H 1
| #define HAVE_MEMORY_H 1
| #define HAVE_STRINGS_H 1
| #define HAVE_INTTYPES_H 1
| #define HAVE_STDINT_H 1
| #define HAVE_UNISTD_H 1
| /* end confdefs.h.  */
| #include <stdio.h>
| #ifdef HAVE_SYS_TYPES_H
| # include <sys/types.h>
| #endif
| #ifdef HAVE_SYS_STAT_H
| # include <sys/stat.h>
| #endif
| #ifdef STDC_HEADERS
| # include <stdlib.h>
| # include <stddef.h>
| #else
| # ifdef HAVE_STDLIB_H
| #  include <stdlib.h>
| # endif
| #endif
| #ifdef HAVE_STRING_H
| # if !defined STDC_HEADERS && defined HAVE_MEMORY_H
| #  include <memory.h>
| # endif
| # include <string.h>
| #endif
| #ifdef HAVE_STRINGS_H
| # include <strings.h>
| #endif
| #ifdef HAVE_INTTYPES_H
| # include <inttypes.h>
| #endif
| #ifdef HAVE_STDINT_H
| # include <stdint.h>
| #endif
| #ifdef HAVE_UNISTD_H
| # include <unistd.h>
| #endif
| #include <sys/audioio.h>
configure:4264: result: no
configure:4264: checking sys/audioio.h presence
configure:4264: gcc -E  conftest.c
conftest.c:19:25: fatal error: sys/audioio.h: No such file or directory
compilation terminated.
configure:4264: $? = 1
configure: failed program was:
| /* confdefs.h */
| #define PACKAGE_NAME ""
| #define PACKAGE_TARNAME ""
| #define PACKAGE_VERSION ""
| #define PACKAGE_STRING ""
| #define PACKAGE_BUGREPORT ""
| #define PACKAGE_URL ""
| #define STDC_HEADERS 1
| #define HAVE_SYS_TYPES_H 1
| #define HAVE_SYS_STAT_H 1
| #define HAVE_STDLIB_H 1
| #define HAVE_STRING_H 1
| #define HAVE_MEMORY_H 1
| #define HAVE_STRINGS_H 1
| #define HAVE_INTTYPES_H 1
| #define HAVE_STDINT_H 1
| #define HAVE_UNISTD_H 1
| /* end confdefs.h.  */
| #include <sys/audioio.h>
configure:4264: result: no
configure:4264: checking for sys/audioio.h
configure:4264: result: no
configure:4288: /home/kanna/android-ndk-r8//toolchains/arm-linux-androideabi-4.4.3/prebuilt/linux-x86/bin/arm-linux-androideabi-gcc -c -g -O2 -Wall -march=armv5te -mtune=xscale -msoft-float -fpic -mthumb-interwork -ffunction-sections -funwind-tables -fstack-protector -fno-short-enums -D__ARM_ARCH_5__ -D__ARM_ARCH_5T__ -D__ARM_ARCH_5E__ -D__ARM_ARCH_5TE__ -mthumb -Os -fomit-frame-pointer -fno-strict-aliasing -finline-limit=64 -DANDROID -I/home/kanna/android-ndk-r8//platforms/android-4/arch-arm/usr/include   conftest.c >&5
conftest.c:19:26: error: alsa/version.h: No such file or directory
conftest.c: In function 'main':
conftest.c:27: error: expected expression before ';' token
conftest.c:23: warning: unused variable 'j'
configure:4288: $? = 1
configure: failed program was:
| /* confdefs.h */
| #define PACKAGE_NAME ""
| #define PACKAGE_TARNAME ""
| #define PACKAGE_VERSION ""
| #define PACKAGE_STRING ""
| #define PACKAGE_BUGREPORT ""
| #define PACKAGE_URL ""
| #define STDC_HEADERS 1
| #define HAVE_SYS_TYPES_H 1
| #define HAVE_SYS_STAT_H 1
| #define HAVE_STDLIB_H 1
| #define HAVE_STRING_H 1
| #define HAVE_MEMORY_H 1
| #define HAVE_STRINGS_H 1
| #define HAVE_INTTYPES_H 1
| #define HAVE_STDINT_H 1
| #define HAVE_UNISTD_H 1
| /* end confdefs.h.  */
| #include <alsa/version.h>
| int
| main ()
| {
| int j=
|                 #if SND_LIB_SUBMINOR >= 11
|                 3;
|                 #endif
|   ;
|   return 0;
| }
configure:4294: checking mmsystem.h usability
configure:4294: /home/kanna/android-ndk-r8//toolchains/arm-linux-androideabi-4.4.3/prebuilt/linux-x86/bin/arm-linux-androideabi-gcc -c -g -O2 -Wall -march=armv5te -mtune=xscale -msoft-float -fpic -mthumb-interwork -ffunction-sections -funwind-tables -fstack-protector -fno-short-enums -D__ARM_ARCH_5__ -D__ARM_ARCH_5T__ -D__ARM_ARCH_5E__ -D__ARM_ARCH_5TE__ -mthumb -Os -fomit-frame-pointer -fno-strict-aliasing -finline-limit=64 -DANDROID -I/home/kanna/android-ndk-r8//platforms/android-4/arch-arm/usr/include   conftest.c >&5
conftest.c:52:22: error: mmsystem.h: No such file or directory
configure:4294: $? = 1
configure: failed program was:
| /* confdefs.h */
| #define PACKAGE_NAME ""
| #define PACKAGE_TARNAME ""
| #define PACKAGE_VERSION ""
| #define PACKAGE_STRING ""
| #define PACKAGE_BUGREPORT ""
| #define PACKAGE_URL ""
| #define STDC_HEADERS 1
| #define HAVE_SYS_TYPES_H 1
| #define HAVE_SYS_STAT_H 1
| #define HAVE_STDLIB_H 1
| #define HAVE_STRING_H 1
| #define HAVE_MEMORY_H 1
| #define HAVE_STRINGS_H 1
| #define HAVE_INTTYPES_H 1
| #define HAVE_STDINT_H 1
| #define HAVE_UNISTD_H 1
| /* end confdefs.h.  */
| #include <stdio.h>
| #ifdef HAVE_SYS_TYPES_H
| # include <sys/types.h>
| #endif
| #ifdef HAVE_SYS_STAT_H
| # include <sys/stat.h>
| #endif
| #ifdef STDC_HEADERS
| # include <stdlib.h>
| # include <stddef.h>
| #else
| # ifdef HAVE_STDLIB_H
| #  include <stdlib.h>
| # endif
| #endif
| #ifdef HAVE_STRING_H
| # if !defined STDC_HEADERS && defined HAVE_MEMORY_H
| #  include <memory.h>
| # endif
| # include <string.h>
| #endif
| #ifdef HAVE_STRINGS_H
| # include <strings.h>
| #endif
| #ifdef HAVE_INTTYPES_H
| # include <inttypes.h>
| #endif
| #ifdef HAVE_STDINT_H
| # include <stdint.h>
| #endif
| #ifdef HAVE_UNISTD_H
| # include <unistd.h>
| #endif
| #include <mmsystem.h>
configure:4294: result: no
configure:4294: checking mmsystem.h presence
configure:4294: gcc -E  conftest.c
conftest.c:19:22: fatal error: mmsystem.h: No such file or directory
compilation terminated.
configure:4294: $? = 1
configure: failed program was:
| /* confdefs.h */
| #define PACKAGE_NAME ""
| #define PACKAGE_TARNAME ""
| #define PACKAGE_VERSION ""
| #define PACKAGE_STRING ""
| #define PACKAGE_BUGREPORT ""
| #define PACKAGE_URL ""
| #define STDC_HEADERS 1
| #define HAVE_SYS_TYPES_H 1
| #define HAVE_SYS_STAT_H 1
| #define HAVE_STDLIB_H 1
| #define HAVE_STRING_H 1
| #define HAVE_MEMORY_H 1
| #define HAVE_STRINGS_H 1
| #define HAVE_INTTYPES_H 1
| #define HAVE_STDINT_H 1
| #define HAVE_UNISTD_H 1
| /* end confdefs.h.  */
| #include <mmsystem.h>
configure:4294: result: no
configure:4294: checking for mmsystem.h
configure:4294: result: no
configure:4560: creating ./config.status

## ---------------------- ##
## Running config.status. ##
## ---------------------- ##

This file was extended by config.status, which was
generated by GNU Autoconf 2.68.  Invocation command line was

  CONFIG_FILES    = 
  CONFIG_HEADERS  = 
  CONFIG_LINKS    = 
  CONFIG_COMMANDS = 
  $ ./config.status 

on kanna-Rev-1-0

config.status:780: creating config/config
config.status:780: creating config/system.mak

## ---------------- ##
## Cache variables. ##
## ---------------- ##

ac_cv_build=i686-pc-linux-gnu
ac_cv_c_bigendian=no
ac_cv_c_compiler_gnu=yes
ac_cv_env_CC_set=
ac_cv_env_CC_value=
ac_cv_env_CFLAGS_set=
ac_cv_env_CFLAGS_value=
ac_cv_env_CPPFLAGS_set=
ac_cv_env_CPPFLAGS_value=
ac_cv_env_CPP_set=
ac_cv_env_CPP_value=
ac_cv_env_LDFLAGS_set=
ac_cv_env_LDFLAGS_value=
ac_cv_env_LIBS_set=
ac_cv_env_LIBS_value=
ac_cv_env_build_alias_set=
ac_cv_env_build_alias_value=
ac_cv_env_host_alias_set=
ac_cv_env_host_alias_value=
ac_cv_env_target_alias_set=set
ac_cv_env_target_alias_value=arm-android
ac_cv_func_mmap=no
ac_cv_header_inttypes_h=yes
ac_cv_header_machine_soundcard_h=no
ac_cv_header_memory_h=yes
ac_cv_header_mmsystem_h=no
ac_cv_header_stdc=yes
ac_cv_header_stdint_h=yes
ac_cv_header_stdlib_h=yes
ac_cv_header_string_h=yes
ac_cv_header_strings_h=yes
ac_cv_header_sys_audioio_h=no
ac_cv_header_sys_soundcard_h=no
ac_cv_header_sys_stat_h=yes
ac_cv_header_sys_types_h=yes
ac_cv_header_unistd_h=yes
ac_cv_host=i686-pc-linux-gnu
ac_cv_objext=o
ac_cv_path_EGREP='/bin/grep -E'
ac_cv_path_GREP=/bin/grep
ac_cv_path_install='/usr/bin/install -c'
ac_cv_prog_CPP='gcc -E'
ac_cv_prog_ac_ct_AR=ar
ac_cv_prog_ac_ct_CC=gcc
ac_cv_prog_ac_ct_RANLIB=ranlib
ac_cv_prog_cc_c89=
ac_cv_prog_cc_g=yes
ac_cv_target=arm-unknown-android

## ----------------- ##
## Output variables. ##
## ----------------- ##

AR='/home/kanna/android-ndk-r8//toolchains/arm-linux-androideabi-4.4.3/prebuilt/linux-x86/bin/arm-linux-androideabi-ar'
AUDIODEFS='-DCST_AUDIO_NONE'
AUDIODRIVER='none'
AUDIOLIBS=''
CC='/home/kanna/android-ndk-r8//toolchains/arm-linux-androideabi-4.4.3/prebuilt/linux-x86/bin/arm-linux-androideabi-gcc'
CFLAGS='-g -O2 -Wall -march=armv5te -mtune=xscale -msoft-float -fpic -mthumb-interwork -ffunction-sections -funwind-tables -fstack-protector -fno-short-enums -D__ARM_ARCH_5__ -D__ARM_ARCH_5T__ -D__ARM_ARCH_5E__ -D__ARM_ARCH_5TE__ -mthumb -Os -fomit-frame-pointer -fno-strict-aliasing -finline-limit=64 -DANDROID -I/home/kanna/android-ndk-r8//platforms/android-4/arch-arm/usr/include '
CPP='gcc -E'
CPPFLAGS=''
DEFS='-DPACKAGE_NAME=\"\" -DPACKAGE_TARNAME=\"\" -DPACKAGE_VERSION=\"\" -DPACKAGE_STRING=\"\" -DPACKAGE_BUGREPORT=\"\" -DPACKAGE_URL=\"\" -DSTDC_HEADERS=1 -DHAVE_SYS_TYPES_H=1 -DHAVE_SYS_STAT_H=1 -DHAVE_STDLIB_H=1 -DHAVE_STRING_H=1 -DHAVE_MEMORY_H=1 -DHAVE_STRINGS_H=1 -DHAVE_INTTYPES_H=1 -DHAVE_STDINT_H=1 -DHAVE_UNISTD_H=1'
DLLTOOL=''
DLLWRAP=''
ECHO_C=''
ECHO_N='-n'
ECHO_T=''
EGREP='/bin/grep -E'
EXEEXT=''
FL_LANG='usenglish'
FL_LANGVOX='android'
FL_LEX='cmulex'
FL_VOX='cmu_us_kal'
GREP='/bin/grep'
HOST_CPU='i386'
HOST_OS='linux-gnu'
INSTALL_DATA='${INSTALL} -m 644'
INSTALL_PROGRAM='${INSTALL}'
INSTALL_SCRIPT='${INSTALL}'
LDFLAGS=''
LEXDEFS=''
LIBOBJS=''
LIBS=''
LTLIBOBJS=''
M68KCC=''
MMAPTYPE='posix'
NM='/home/kanna/android-ndk-r8//toolchains/arm-linux-androideabi-4.4.3/prebuilt/linux-x86/bin/arm-linux-androideabi-nm'
OBJEXT='o'
OTHERLIBS=''
PACKAGE_BUGREPORT=''
PACKAGE_NAME=''
PACKAGE_STRING=''
PACKAGE_TARNAME=''
PACKAGE_URL=''
PACKAGE_VERSION=''
PATH_SEPARATOR=':'
RANLIB='/home/kanna/android-ndk-r8//toolchains/arm-linux-androideabi-4.4.3/prebuilt/linux-x86/bin/arm-linux-androideabi-ranlib'
SHELL='/bin/bash'
SHFLAGS=''
SIZE=''
STDIOTYPE='stdio'
STRIP=''
TARGET_CPU='arm'
TARGET_OS='android'
VOXDEFS=''
WINDRES=''
ac_ct_CC='gcc'
bindir='${exec_prefix}/bin'
build='i686-pc-linux-gnu'
build_alias=''
build_cpu='i686'
build_os='linux-gnu'
build_vendor='pc'
datadir='${datarootdir}'
datarootdir='${prefix}/share'
docdir='${datarootdir}/doc/${PACKAGE}'
dvidir='${docdir}'
exec_prefix='${prefix}'
host='i686-pc-linux-gnu'
host_alias=''
host_cpu='i686'
host_os='linux-gnu'
host_vendor='pc'
htmldir='${docdir}'
includedir='${prefix}/include'
infodir='${datarootdir}/info'
libdir='${exec_prefix}/lib'
libexecdir='${exec_prefix}/libexec'
localedir='${datarootdir}/locale'
localstatedir='${prefix}/var'
mandir='${datarootdir}/man'
oldincludedir='/usr/include'
pdfdir='${docdir}'
prefix='/usr/local'
program_transform_name='s,x,x,'
psdir='${docdir}'
sbindir='${exec_prefix}/sbin'
sharedstatedir='${prefix}/com'
sysconfdir='${prefix}/etc'
target='arm-unknown-android'
target_alias='arm-android'
target_cpu='arm'
target_os='android'
target_vendor='unknown'

## ----------- ##
## confdefs.h. ##
## ----------- ##

/* confdefs.h */
#define PACKAGE_NAME ""
#define PACKAGE_TARNAME ""
#define PACKAGE_VERSION ""
#define PACKAGE_STRING ""
#define PACKAGE_BUGREPORT ""
#define PACKAGE_URL ""
#define STDC_HEADERS 1
#define HAVE_SYS_TYPES_H 1
#define HAVE_SYS_STAT_H 1
#define HAVE_STDLIB_H 1
#define HAVE_STRING_H 1
#define HAVE_MEMORY_H 1
#define HAVE_STRINGS_H 1
#define HAVE_INTTYPES_H 1
#define HAVE_STDINT_H 1
#define HAVE_UNISTD_H 1

configure: exit 0
